[2015/11/06 14:13:22.7488] OMRON.Compolet.SYSMAC.SysmacTimeoutException: Receive timeout error ---> OMRON.FinsGateway.Messaging.FgwMsgException: Receive timeout error
   at OMRON.FinsGateway.Messaging.Port.ReceiveData(Byte[]& receiveMessage, FinsAddress& peerAddr, Int32& receiveMessageSize)
   at OMRON.FinsGateway.Messaging.Port.ReceiveData(FinsMessage& receiveMessage, FinsAddress& peerAddr, Int32& receiveMessageSize)
   at OMRON.FinsGateway.Messaging.Port.ReceiveData(FinsMessage& receiveMessage, FinsAddress& peerAddr)
   at OMRON.Compolet.SYSMAC.SysmacPlc.InternalExecuteFinsService(FinsCommandMessage command, FinsResponseMessage& response, Boolean ignoreErrorResponse)
   --- End of inner exception stack trace ---
   at BCS.clsPlcWrapper.WriteMemoryWordInteger(MemoryTypes memoryType, Int64 offset, Int32[] writeData, DataTypes dataType) in C:\Users\Administrator\Desktop\AJEC\- svn-BCS\BCS\BCS\Class\clsPlcWrapper.vb:line 84
   at BCS.clsPlcWrapper.WriteMemoryWordIntegerDMBIN0(Int64 offset, Int32 writeData) in C:\Users\Administrator\Desktop\AJEC\- svn-BCS\BCS\BCS\Class\clsPlcWrapper.vb:line 77
   at BCS.clsBatchComm.clsBatchComm_DoWork(Object sender, DoWorkEventArgs e) in C:\Users\Administrator\Desktop\AJEC\- svn-BCS\BCS\BCS\Class\clsBatchComm.vb:line 736
[2015/11/06 14:19:02.9988] OMRON.Compolet.SYSMAC.SysmacTimeoutException: Receive timeout error ---> OMRON.FinsGateway.Messaging.FgwMsgException: Receive timeout error
   at OMRON.FinsGateway.Messaging.Port.ReceiveData(Byte[]& receiveMessage, FinsAddress& peerAddr, Int32& receiveMessageSize)
   at OMRON.FinsGateway.Messaging.Port.ReceiveData(FinsMessage& receiveMessage, FinsAddress& peerAddr, Int32& receiveMessageSize)
   at OMRON.FinsGateway.Messaging.Port.ReceiveData(FinsMessage& receiveMessage, FinsAddress& peerAddr)
   at OMRON.Compolet.SYSMAC.SysmacPlc.InternalExecuteFinsService(FinsCommandMessage command, FinsResponseMessage& response, Boolean ignoreErrorResponse)
   --- End of inner exception stack trace ---
   at BCS.clsPlcWrapper.WriteMemoryWordInteger(MemoryTypes memoryType, Int64 offset, Int32[] writeData, DataTypes dataType)
   at BCS.clsPlcWrapper.WriteMemoryWordIntegerDMBIN0(Int64 offset, Int32 writeData)
   at BCS.clsBatchComm.clsBatchComm_DoWork(Object sender, DoWorkEventArgs e)
[2015/11/06 15:24:26.5748] OMRON.Compolet.SYSMAC.SysmacTimeoutException: Receive timeout error ---> OMRON.FinsGateway.Messaging.FgwMsgException: Receive timeout error
   at OMRON.FinsGateway.Messaging.Port.ReceiveData(Byte[]& receiveMessage, FinsAddress& peerAddr, Int32& receiveMessageSize)
   at OMRON.FinsGateway.Messaging.Port.ReceiveData(FinsMessage& receiveMessage, FinsAddress& peerAddr, Int32& receiveMessageSize)
   at OMRON.FinsGateway.Messaging.Port.ReceiveData(FinsMessage& receiveMessage, FinsAddress& peerAddr)
   at OMRON.Compolet.SYSMAC.SysmacPlc.InternalExecuteFinsService(FinsCommandMessage command, FinsResponseMessage& response, Boolean ignoreErrorResponse)
   --- End of inner exception stack trace ---
   at BCS.clsPlcWrapper.WriteMemoryWordInteger(MemoryTypes memoryType, Int64 offset, Int32[] writeData, DataTypes dataType) in C:\Users\Administrator\Desktop\AJEC\- svn-BCS\BCS\BCS\Class\clsPlcWrapper.vb:line 84
   at BCS.clsPlcWrapper.WriteMemoryWordIntegerDMBIN0(Int64 offset, Int32 writeData) in C:\Users\Administrator\Desktop\AJEC\- svn-BCS\BCS\BCS\Class\clsPlcWrapper.vb:line 77
   at BCS.clsBatchComm.clsBatchComm_DoWork(Object sender, DoWorkEventArgs e) in C:\Users\Administrator\Desktop\AJEC\- svn-BCS\BCS\BCS\Class\clsBatchComm.vb:line 736
[2015/11/06 15:28:51.8660] OMRON.Compolet.SYSMAC.SysmacTimeoutException: Receive timeout error ---> OMRON.FinsGateway.Messaging.FgwMsgException: Receive timeout error
   at OMRON.FinsGateway.Messaging.Port.ReceiveData(Byte[]& receiveMessage, FinsAddress& peerAddr, Int32& receiveMessageSize)
   at OMRON.FinsGateway.Messaging.Port.ReceiveData(FinsMessage& receiveMessage, FinsAddress& peerAddr, Int32& receiveMessageSize)
   at OMRON.FinsGateway.Messaging.Port.ReceiveData(FinsMessage& receiveMessage, FinsAddress& peerAddr)
   at OMRON.Compolet.SYSMAC.SysmacPlc.InternalExecuteFinsService(FinsCommandMessage command, FinsResponseMessage& response, Boolean ignoreErrorResponse)
   --- End of inner exception stack trace ---
   at BCS.clsPlcWrapper.WriteMemoryWordInteger(MemoryTypes memoryType, Int64 offset, Int32[] writeData, DataTypes dataType)
   at BCS.clsPlcWrapper.WriteMemoryWordIntegerDMBIN0(Int64 offset, Int32 writeData)
   at BCS.clsBatchComm.clsBatchComm_DoWork(Object sender, DoWorkEventArgs e)
[2015/11/06 17:04:08.2155] OMRON.Compolet.SYSMAC.SysmacTimeoutException: Receive timeout error ---> OMRON.FinsGateway.Messaging.FgwMsgException: Receive timeout error
   at OMRON.FinsGateway.Messaging.Port.ReceiveData(Byte[]& receiveMessage, FinsAddress& peerAddr, Int32& receiveMessageSize)
   at OMRON.FinsGateway.Messaging.Port.ReceiveData(FinsMessage& receiveMessage, FinsAddress& peerAddr, Int32& receiveMessageSize)
   at OMRON.FinsGateway.Messaging.Port.ReceiveData(FinsMessage& receiveMessage, FinsAddress& peerAddr)
   at OMRON.Compolet.SYSMAC.SysmacPlc.InternalExecuteFinsService(FinsCommandMessage command, FinsResponseMessage& response, Boolean ignoreErrorResponse)
   --- End of inner exception stack trace ---
   at BCS.clsPlcWrapper.WriteMemoryWordInteger(MemoryTypes memoryType, Int64 offset, Int32[] writeData, DataTypes dataType) in C:\Users\Administrator\Desktop\AJEC\- svn-BCS\BCS\BCS\Class\clsPlcWrapper.vb:line 84
   at BCS.clsPlcWrapper.WriteMemoryWordIntegerDMBIN0(Int64 offset, Int32 writeData) in C:\Users\Administrator\Desktop\AJEC\- svn-BCS\BCS\BCS\Class\clsPlcWrapper.vb:line 77
   at BCS.clsBatchComm.clsBatchComm_DoWork(Object sender, DoWorkEventArgs e) in C:\Users\Administrator\Desktop\AJEC\- svn-BCS\BCS\BCS\Class\clsBatchComm.vb:line 736
[2015/11/06 17:11:05.0967] OMRON.Compolet.SYSMAC.SysmacTimeoutException: Receive timeout error ---> OMRON.FinsGateway.Messaging.FgwMsgException: Receive timeout error
   at OMRON.FinsGateway.Messaging.Port.ReceiveData(Byte[]& receiveMessage, FinsAddress& peerAddr, Int32& receiveMessageSize)
   at OMRON.FinsGateway.Messaging.Port.ReceiveData(FinsMessage& receiveMessage, FinsAddress& peerAddr, Int32& receiveMessageSize)
   at OMRON.FinsGateway.Messaging.Port.ReceiveData(FinsMessage& receiveMessage, FinsAddress& peerAddr)
   at OMRON.Compolet.SYSMAC.SysmacPlc.InternalExecuteFinsService(FinsCommandMessage command, FinsResponseMessage& response, Boolean ignoreErrorResponse)
   --- End of inner exception stack trace ---
   at BCS.clsPlcWrapper.WriteMemoryWordInteger(MemoryTypes memoryType, Int64 offset, Int32[] writeData, DataTypes dataType) in C:\Users\Administrator\Desktop\AJEC\- svn-BCS\BCS\BCS\Class\clsPlcWrapper.vb:line 84
   at BCS.clsPlcWrapper.WriteMemoryWordIntegerDMBIN0(Int64 offset, Int32 writeData) in C:\Users\Administrator\Desktop\AJEC\- svn-BCS\BCS\BCS\Class\clsPlcWrapper.vb:line 77
   at BCS.clsBatchComm.clsBatchComm_DoWork(Object sender, DoWorkEventArgs e) in C:\Users\Administrator\Desktop\AJEC\- svn-BCS\BCS\BCS\Class\clsBatchComm.vb:line 736
[2015/11/06 17:14:29.7558] OMRON.Compolet.SYSMAC.SysmacTimeoutException: Receive timeout error ---> OMRON.FinsGateway.Messaging.FgwMsgException: Receive timeout error
   at OMRON.FinsGateway.Messaging.Port.ReceiveData(Byte[]& receiveMessage, FinsAddress& peerAddr, Int32& receiveMessageSize)
   at OMRON.FinsGateway.Messaging.Port.ReceiveData(FinsMessage& receiveMessage, FinsAddress& peerAddr, Int32& receiveMessageSize)
   at OMRON.FinsGateway.Messaging.Port.ReceiveData(FinsMessage& receiveMessage, FinsAddress& peerAddr)
   at OMRON.Compolet.SYSMAC.SysmacPlc.InternalExecuteFinsService(FinsCommandMessage command, FinsResponseMessage& response, Boolean ignoreErrorResponse)
   --- End of inner exception stack trace ---
   at BCS.clsPlcWrapper.WriteMemoryWordInteger(MemoryTypes memoryType, Int64 offset, Int32[] writeData, DataTypes dataType)
   at BCS.clsPlcWrapper.WriteMemoryWordIntegerDMBIN0(Int64 offset, Int32 writeData)
   at BCS.clsBatchComm.clsBatchComm_DoWork(Object sender, DoWorkEventArgs e)
[2015/11/06 17:59:37.0618] OMRON.Compolet.SYSMAC.SysmacTimeoutException: Receive timeout error ---> OMRON.FinsGateway.Messaging.FgwMsgException: Receive timeout error
   at OMRON.FinsGateway.Messaging.Port.ReceiveData(Byte[]& receiveMessage, FinsAddress& peerAddr, Int32& receiveMessageSize)
   at OMRON.FinsGateway.Messaging.Port.ReceiveData(FinsMessage& receiveMessage, FinsAddress& peerAddr, Int32& receiveMessageSize)
   at OMRON.FinsGateway.Messaging.Port.ReceiveData(FinsMessage& receiveMessage, FinsAddress& peerAddr)
   at OMRON.Compolet.SYSMAC.SysmacPlc.InternalExecuteFinsService(FinsCommandMessage command, FinsResponseMessage& response, Boolean ignoreErrorResponse)
   --- End of inner exception stack trace ---
   at BCS.clsPlcWrapper.WriteMemoryWordInteger(MemoryTypes memoryType, Int64 offset, Int32[] writeData, DataTypes dataType) in C:\Users\Administrator\Desktop\AJEC\- svn-BCS\BCS\BCS\Class\clsPlcWrapper.vb:line 84
   at BCS.clsPlcWrapper.WriteMemoryWordIntegerDMBCD0(Int64 offset, Int32 writeData) in C:\Users\Administrator\Desktop\AJEC\- svn-BCS\BCS\BCS\Class\clsPlcWrapper.vb:line 68
   at BCS.clsBatchComm.clsBatchComm_DoWork(Object sender, DoWorkEventArgs e) in C:\Users\Administrator\Desktop\AJEC\- svn-BCS\BCS\BCS\Class\clsBatchComm.vb:line 735
